\BOOKMARK [1][-]{section.1}{1 Introduction}{}% 1
\BOOKMARK [2][-]{subsection.1.1}{1.1 Motivation}{section.1}% 2
\BOOKMARK [2][-]{subsection.1.2}{1.2 Terms and definitions}{section.1}% 3
\BOOKMARK [2][-]{subsection.1.3}{1.3 Related work}{section.1}% 4
\BOOKMARK [1][-]{section.2}{2 The N2Sky Architecture}{}% 5
\BOOKMARK [2][-]{subsection.2.1}{2.1 Current Architecture Analysis}{section.2}% 6
\BOOKMARK [3][-]{subsubsection.2.1.1}{2.1.1 Architecture design}{subsection.2.1}% 7
\BOOKMARK [3][-]{subsubsection.2.1.2}{2.1.2 Components}{subsection.2.1}% 8
\BOOKMARK [3][-]{subsubsection.2.1.3}{2.1.3 Current User Interface}{subsection.2.1}% 9
\BOOKMARK [3][-]{subsubsection.2.1.4}{2.1.4 Usability and user experience}{subsection.2.1}% 10
\BOOKMARK [2][-]{subsection.2.2}{2.2 Redesign motivation}{section.2}% 11
\BOOKMARK [3][-]{subsubsection.2.2.1}{2.2.1 Redesign Process}{subsection.2.2}% 12
\BOOKMARK [3][-]{subsubsection.2.2.2}{2.2.2 Refactoring the User Interface}{subsection.2.2}% 13
\BOOKMARK [3][-]{subsubsection.2.2.3}{2.2.3 Introducing a new User Experience Design}{subsection.2.2}% 14
\BOOKMARK [3][-]{subsubsection.2.2.4}{2.2.4 Services adoption}{subsection.2.2}% 15
\BOOKMARK [2][-]{subsection.2.3}{2.3 Contemporary N2Sky Architecture}{section.2}% 16
\BOOKMARK [3][-]{subsubsection.2.3.1}{2.3.1 Conceptual user interface}{subsection.2.3}% 17
\BOOKMARK [2][-]{subsection.2.4}{2.4 Technology Stack}{section.2}% 18
\BOOKMARK [1][-]{section.3}{3 N2Sky Components}{}% 19
\BOOKMARK [2][-]{subsection.3.1}{3.1 User Interface Components}{section.3}% 20
\BOOKMARK [3][-]{subsubsection.3.1.1}{3.1.1 Components Overview}{subsection.3.1}% 21
\BOOKMARK [3][-]{subsubsection.3.1.2}{3.1.2 User Interface Elements}{subsection.3.1}% 22
\BOOKMARK [2][-]{subsection.3.2}{3.2 Architectural Components}{section.3}% 23
\BOOKMARK [2][-]{subsection.3.3}{3.3 Continuous Monitoring System}{section.3}% 24
\BOOKMARK [3][-]{subsubsection.3.3.1}{3.3.1 Monitoring requirements}{subsection.3.3}% 25
\BOOKMARK [2][-]{subsection.3.4}{3.4 Alerting Management System}{section.3}% 26
\BOOKMARK [3][-]{subsubsection.3.4.1}{3.4.1 Alerting System Architecture}{subsection.3.4}% 27
\BOOKMARK [3][-]{subsubsection.3.4.2}{3.4.2 Alert Rules}{subsection.3.4}% 28
\BOOKMARK [1][-]{section.4}{4 Functional requirements specification}{}% 29
\BOOKMARK [2][-]{subsection.4.1}{4.1 User Roles}{section.4}% 30
\BOOKMARK [2][-]{subsection.4.2}{4.2 Administration components}{section.4}% 31
\BOOKMARK [3][-]{subsubsection.4.2.1}{4.2.1 Affected users}{subsection.4.2}% 32
\BOOKMARK [3][-]{subsubsection.4.2.2}{4.2.2 Administration Dashboard}{subsection.4.2}% 33
\BOOKMARK [3][-]{subsubsection.4.2.3}{4.2.3 Openstack Dashboard}{subsection.4.2}% 34
\BOOKMARK [3][-]{subsubsection.4.2.4}{4.2.4 Cloudify Dashboard}{subsection.4.2}% 35
\BOOKMARK [3][-]{subsubsection.4.2.5}{4.2.5 Alerting System}{subsection.4.2}% 36
\BOOKMARK [3][-]{subsubsection.4.2.6}{4.2.6 Monitoring System}{subsection.4.2}% 37
\BOOKMARK [2][-]{subsection.4.3}{4.3 N2Sky Components}{section.4}% 38
\BOOKMARK [3][-]{subsubsection.4.3.1}{4.3.1 Affected user groups}{subsection.4.3}% 39
\BOOKMARK [3][-]{subsubsection.4.3.2}{4.3.2 N2Sky Dashboar}{subsection.4.3}% 40
\BOOKMARK [3][-]{subsubsection.4.3.3}{4.3.3 Neural Networks Repository}{subsection.4.3}% 41
\BOOKMARK [3][-]{subsubsection.4.3.4}{4.3.4 Models Repository}{subsection.4.3}% 42
\BOOKMARK [1][-]{section.5}{5 Tutorial}{}% 43
\BOOKMARK [1][-]{section.6}{6 User Cases}{}% 44
\BOOKMARK [1][-]{section.7}{7 Developer Guide}{}% 45
\BOOKMARK [2][-]{subsection.7.1}{7.1 Continuous integration}{section.7}% 46
\BOOKMARK [2][-]{subsection.7.2}{7.2 API Documentation}{section.7}% 47
\BOOKMARK [1][-]{subsection.7.2}{Literaturverzeichnis}{}% 48
\BOOKMARK [1][-]{section*.4}{Anhang}{}% 49
